<?xml version="1.0" encoding="UTF-8"?>
<testng-results ignored="0" total="1" passed="1" failed="0" skipped="0">
  <reporter-output>
  </reporter-output>
  <suite started-at="2026-05-02T09:58:33 IST" name="Default suite" finished-at="2026-05-02T09:58:43 IST" duration-ms="10658">
    <groups>
    </groups>
    <test started-at="2026-05-02T09:58:33 IST" name="Default test" finished-at="2026-05-02T09:58:43 IST" duration-ms="10658">
      <class name="books.TestCase_1">
        <test-method signature="launch()[pri:0, instance:books.TestCase_1@33d512c1]" started-at="2026-05-02T09:58:33 IST" name="launch" finished-at="2026-05-02T09:58:43 IST" duration-ms="10579" status="PASS">
          <reporter-output>
          </reporter-output>
        </test-method> <!-- launch -->
      </class> <!-- books.TestCase_1 -->
    </test> <!-- Default test -->
  </suite> <!-- Default suite -->
</testng-results>
